# JRE version: OpenJDK Runtime Environment Temurin-17.0.7+7 (17.0.7+7) (build 17.0.7+7)
# Java VM: OpenJDK 64-Bit Server VM Temurin-17.0.7+7 (17.0.7+7, mixed mode, sharing, tiered, compressed oops, compressed class ptrs, g1 gc, windows-amd64)
GC Precious Log:
 CPUs: 32 total, 32 available
 Memory: 32507M
 Large Page Support: Disabled
 NUMA Support: Disabled
 Compressed Oops: Enabled (Zero based)
 Heap Region Size: 2M
 Heap Min Capacity: 512M
 Heap Initial Capacity: 512M
 Heap Max Capacity: 4072M
 Pre-touch: Disabled
 Parallel Workers: 23
 Concurrent Workers: 6
 Concurrent Refinement Workers: 23
 Periodic GC: Disabled
 String Deduplication is enabled
Heap:
 garbage-first heap   total 524288K, used 134584K [0x0000000701800000, 0x0000000800000000)
  region size 2048K, 19 young (38912K), 1 survivors (2048K)
 Metaspace       used 85653K, committed 86336K, reserved 1179648K
  class space    used 11827K, committed 12160K, reserved 1048576K
GC Heap History (20 events):
Event: 96.536 GC heap before
{Heap before GC invocations=44 (full 25):
 garbage-first heap   total 524288K, used 98337K [0x0000000701800000, 0x0000000800000000)
  region size 2048K, 1 young (2048K), 0 survivors (0K)
 Metaspace       used 83641K, committed 84352K, reserved 1179648K
  class space    used 11677K, committed 12032K, reserved 1048576K
}
Event: 96.615 GC heap after
{Heap after GC invocations=45 (full 26):
 garbage-first heap   total 524288K, used 98341K [0x0000000701800000, 0x0000000800000000)
  region size 2048K, 0 young (0K), 0 survivors (0K)
 Metaspace       used 83641K, committed 84352K, reserved 1179648K
  class space    used 11677K, committed 12032K, reserved 1048576K
}
Event: 97.110 GC heap before
{Heap before GC invocations=45 (full 26):
 garbage-first heap   total 524288K, used 102437K [0x0000000701800000, 0x0000000800000000)
  region size 2048K, 1 young (2048K), 0 survivors (0K)
 Metaspace       used 83654K, committed 84352K, reserved 1179648K
  class space    used 11677K, committed 12032K, reserved 1048576K
}
Event: 97.192 GC heap after
{Heap after GC invocations=46 (full 27):
 garbage-first heap   total 524288K, used 98343K [0x0000000701800000, 0x0000000800000000)
  region size 2048K, 0 young (0K), 0 survivors (0K)
 Metaspace       used 83654K, committed 84352K, reserved 1179648K
  class space    used 11677K, committed 12032K, reserved 1048576K
}
Event: 132.213 GC heap before
{Heap before GC invocations=46 (full 27):
 garbage-first heap   total 524288K, used 180263K [0x0000000701800000, 0x0000000800000000)
  region size 2048K, 40 young (81920K), 0 survivors (0K)
 Metaspace       used 83862K, committed 84544K, reserved 1179648K
  class space    used 11678K, committed 12032K, reserved 1048576K
}
Event: 132.219 GC heap after
{Heap after GC invocations=47 (full 27):
 garbage-first heap   total 1148928K, used 100360K [0x0000000701800000, 0x0000000800000000)
  region size 2048K, 1 young (2048K), 1 survivors (2048K)
 Metaspace       used 83862K, committed 84544K, reserved 1179648K
  class space    used 11678K, committed 12032K, reserved 1048576K
}
Event: 132.233 GC heap before
{Heap before GC invocations=47 (full 27):
 garbage-first heap   total 1148928K, used 100360K [0x0000000701800000, 0x0000000800000000)
  region size 2048K, 2 young (4096K), 1 survivors (2048K)
 Metaspace       used 83862K, committed 84544K, reserved 1179648K
  class space    used 11678K, committed 12032K, reserved 1048576K
}
Event: 132.304 GC heap after
{Heap after GC invocations=48 (full 28):
 garbage-first heap   total 524288K, used 97944K [0x0000000701800000, 0x0000000800000000)
  region size 2048K, 0 young (0K), 0 survivors (0K)
 Metaspace       used 83862K, committed 84544K, reserved 1179648K
  class space    used 11678K, committed 12032K, reserved 1048576K
}
Event: 150.969 GC heap before
{Heap before GC invocations=48 (full 28):
 garbage-first heap   total 524288K, used 179864K [0x0000000701800000, 0x0000000800000000)
  region size 2048K, 40 young (81920K), 0 survivors (0K)
 Metaspace       used 84142K, committed 84800K, reserved 1179648K
  class space    used 11698K, committed 12032K, reserved 1048576K
}
Event: 150.973 GC heap after
{Heap after GC invocations=49 (full 28):
 garbage-first heap   total 524288K, used 99095K [0x0000000701800000, 0x0000000800000000)
  region size 2048K, 1 young (2048K), 1 survivors (2048K)
 Metaspace       used 84142K, committed 84800K, reserved 1179648K
  class space    used 11698K, committed 12032K, reserved 1048576K
}
Event: 193.795 GC heap before
{Heap before GC invocations=49 (full 28):
 garbage-first heap   total 524288K, used 178967K [0x0000000701800000, 0x0000000800000000)
  region size 2048K, 40 young (81920K), 1 survivors (2048K)
 Metaspace       used 84574K, committed 85184K, reserved 1179648K
  class space    used 11719K, committed 12032K, reserved 1048576K
}
Event: 193.798 GC heap after
{Heap after GC invocations=50 (full 28):
 garbage-first heap   total 524288K, used 99312K [0x0000000701800000, 0x0000000800000000)
  region size 2048K, 1 young (2048K), 1 survivors (2048K)
 Metaspace       used 84574K, committed 85184K, reserved 1179648K
  class space    used 11719K, committed 12032K, reserved 1048576K
}
Event: 210.653 GC heap before
{Heap before GC invocations=50 (full 28):
 garbage-first heap   total 524288K, used 179184K [0x0000000701800000, 0x0000000800000000)
  region size 2048K, 40 young (81920K), 1 survivors (2048K)
 Metaspace       used 84650K, committed 85248K, reserved 1179648K
  class space    used 11724K, committed 12032K, reserved 1048576K
}
Event: 210.657 GC heap after
{Heap after GC invocations=51 (full 28):
 garbage-first heap   total 524288K, used 99381K [0x0000000701800000, 0x0000000800000000)
  region size 2048K, 1 young (2048K), 1 survivors (2048K)
 Metaspace       used 84650K, committed 85248K, reserved 1179648K
  class space    used 11724K, committed 12032K, reserved 1048576K
}
Event: 227.407 GC heap before
{Heap before GC invocations=51 (full 28):
 garbage-first heap   total 524288K, used 179253K [0x0000000701800000, 0x0000000800000000)
  region size 2048K, 40 young (81920K), 1 survivors (2048K)
 Metaspace       used 84809K, committed 85440K, reserved 1179648K
  class space    used 11725K, committed 12032K, reserved 1048576K
}
Event: 227.413 GC heap after
{Heap after GC invocations=52 (full 28):
 garbage-first heap   total 524288K, used 99699K [0x0000000701800000, 0x0000000800000000)
  region size 2048K, 1 young (2048K), 1 survivors (2048K)
 Metaspace       used 84809K, committed 85440K, reserved 1179648K
  class space    used 11725K, committed 12032K, reserved 1048576K
}
Event: 233.077 GC heap before
{Heap before GC invocations=52 (full 28):
 garbage-first heap   total 524288K, used 179571K [0x0000000701800000, 0x0000000800000000)
  region size 2048K, 40 young (81920K), 1 survivors (2048K)
 Metaspace       used 85305K, committed 86016K, reserved 1179648K
  class space    used 11792K, committed 12160K, reserved 1048576K
}
Event: 233.081 GC heap after
{Heap after GC invocations=53 (full 28):
 garbage-first heap   total 524288K, used 99706K [0x0000000701800000, 0x0000000800000000)
  region size 2048K, 1 young (2048K), 1 survivors (2048K)
 Metaspace       used 85305K, committed 86016K, reserved 1179648K
  class space    used 11792K, committed 12160K, reserved 1048576K
}
Event: 262.963 GC heap before
{Heap before GC invocations=53 (full 28):
 garbage-first heap   total 524288K, used 179578K [0x0000000701800000, 0x0000000800000000)
  region size 2048K, 40 young (81920K), 1 survivors (2048K)
 Metaspace       used 85353K, committed 86080K, reserved 1179648K
  class space    used 11794K, committed 12160K, reserved 1048576K
}
Event: 262.967 GC heap after
{Heap after GC invocations=54 (full 28):
 garbage-first heap   total 524288K, used 99768K [0x0000000701800000, 0x0000000800000000)
  region size 2048K, 1 young (2048K), 1 survivors (2048K)
 Metaspace       used 85353K, committed 86080K, reserved 1179648K
  class space    used 11794K, committed 12160K, reserved 1048576K
}

